<?xml version="1.0" encoding="UTF-8"?>
<testng-results ignored="0" total="1" passed="1" failed="0" skipped="0">
  <reporter-output>
  </reporter-output>
  <suite started-at="2023-03-13T16:52:40 IST" name="Default suite" finished-at="2023-03-13T16:52:40 IST" duration-ms="65">
    <groups>
    </groups>
    <test started-at="2023-03-13T16:52:40 IST" name="Default test" finished-at="2023-03-13T16:52:40 IST" duration-ms="65">
      <class name="USTBatchNo3.Testng.materialtest">
        <test-method signature="constructtest()[pri:0, instance:USTBatchNo3.Testng.materialtest@419c5f1a]" started-at="2023-03-13T16:52:40 IST" name="constructtest" finished-at="2023-03-13T16:52:40 IST" duration-ms="15" status="PASS">
          <reporter-output>
          </reporter-output>
        </test-method> <!-- constructtest -->
      </class> <!-- USTBatchNo3.Testng.materialtest -->
    </test> <!-- Default test -->
  </suite> <!-- Default suite -->
</testng-results>
